#
# There is insufficient memory for the Java Runtime Environment to continue.
# Native memory allocation (malloc) failed to allocate 1048576 bytes. Error detail: AllocateHeap
# Possible reasons:
#   The system is out of physical RAM or swap space
#   This process is running with CompressedOops enabled, and the Java Heap may be blocking the growth of the native heap
# Possible solutions:
#   Reduce memory load on the system
#   Increase physical memory or swap space
#   Check if swap backing store is full
#   Decrease Java heap size (-Xmx/-Xms)
#   Decrease number of Java threads
#   Decrease Java thread stack sizes (-Xss)
#   Set larger code cache with -XX:ReservedCodeCacheSize=
#   JVM is running with Unscaled Compressed Oops mode in which the Java heap is
#     placed in the first 4GB address space. The Java Heap base address is the
#     maximum limit for the native heap growth. Please use -XX:HeapBaseMinAddress
#     to set the Java Heap base and to place the Java Heap above 4GB virtual address.
# This output file may be truncated or incomplete.
#
#  Out of Memory Error (allocation.cpp:44), pid=5268, tid=21604
#
# JRE version:  (17.0.11+9) (build )
# Java VM: OpenJDK 64-Bit Server VM (17.0.11+9, mixed mode, tiered, compressed oops, compressed class ptrs, parallel gc, windows-amd64)
# No core dump will be written. Minidumps are not enabled by default on client versions of Windows
#

---------------  S U M M A R Y ------------

Command Line: --add-modules=ALL-SYSTEM --add-opens=java.base/java.util=ALL-UNNAMED --add-opens=java.base/java.lang=ALL-UNNAMED --add-opens=java.base/sun.nio.fs=ALL-UNNAMED -Declipse.application=org.eclipse.jdt.ls.core.id1 -Dosgi.bundles.defaultStartLevel=4 -Declipse.product=org.eclipse.jdt.ls.core.product -Djava.import.generatesMetadataFilesAtProjectRoot=false -DDetectVMInstallationsJob.disabled=true -Dfile.encoding=utf8 -XX:+UseParallelGC -XX:GCTimeRatio=4 -XX:AdaptiveSizePolicyWeight=90 -Dsun.zip.disableMemoryMapping=true -Xmx1G -Xms100m -Xlog:disable -javaagent:c:\Users\UDHAYAKUMAR\.vscode\extensions\redhat.java-1.32.0-win32-x64\lombok\lombok-1.18.33.jar -XX:+HeapDumpOnOutOfMemoryError -XX:HeapDumpPath=c:\Users\UDHAYAKUMAR\AppData\Roaming\Code\User\workspaceStorage\98c24b00787296179d69d98e3313c133\redhat.java -Daether.dependencyCollector.impl=bf c:\Users\UDHAYAKUMAR\.vscode\extensions\redhat.java-1.32.0-win32-x64\server\plugins\org.eclipse.equinox.launcher_1.6.900.v20240613-2009.jar -configuration c:\Users\UDHAYAKUMAR\AppData\Roaming\Code\User\globalStorage\redhat.java\1.32.0\config_win -data c:\Users\UDHAYAKUMAR\AppData\Roaming\Code\User\workspaceStorage\98c24b00787296179d69d98e3313c133\redhat.java\jdt_ws --pipe=\\.\pipe\lsp-4e560991c7e0a2aa08cd65bade1f7c25-sock

Host: Intel(R) Core(TM) i5-10300H CPU @ 2.50GHz, 8 cores, 7G,  Windows 11 , 64 bit Build 22621 (10.0.22621.3235)
Time: Mon Jul  8 12:41:26 2024 India Standard Time elapsed time: 0.079098 seconds (0d 0h 0m 0s)

---------------  T H R E A D  ---------------

Current thread (0x0000018e678bf630):  JavaThread "Unknown thread" [_thread_in_vm, id=21604, stack(0x0000008353000000,0x0000008353100000)]

Stack: [0x0000008353000000,0x0000008353100000]
Native frames: (J=compiled Java code, j=interpreted, Vv=VM code, C=native code)
V  [jvm.dll+0x67d429]
V  [jvm.dll+0x834b7a]
V  [jvm.dll+0x83663e]
V  [jvm.dll+0x836ca3]
V  [jvm.dll+0x247dbf]
V  [jvm.dll+0xa6cb3]
V  [jvm.dll+0x6aff5a]
V  [jvm.dll+0x6b0c4f]
V  [jvm.dll+0x689b53]
V  [jvm.dll+0x806c4b]
V  [jvm.dll+0x36c5e4]
V  [jvm.dll+0x7e4f56]
V  [jvm.dll+0x3efdcf]
V  [jvm.dll+0x3f1921]
C  [jli.dll+0x528f]
C  [ucrtbase.dll+0x29363]
C  [KERNEL32.DLL+0x1257d]
C  [ntdll.dll+0x5aa58]


---------------  P R O C E S S  ---------------

Threads class SMR info:
_java_thread_list=0x00007ffeee1aeed8, length=0, elements={
}

Java Threads: ( => current thread )

Other Threads:
  0x0000018e678cd5e0 GCTaskThread "GC Thread#0" [stack: 0x0000008353100000,0x0000008353200000] [id=4088]

=>0x0000018e678bf630 (exited) JavaThread "Unknown thread" [_thread_in_vm, id=21604, stack(0x0000008353000000,0x0000008353100000)]

Threads with active compile tasks:

VM state: not at safepoint (normal execution)

VM Mutex/Monitor currently owned by a thread: None

Heap address: 0x00000000c0000000, size: 1024 MB, Compressed Oops mode: 32-bit

CDS archive(s) not mapped
Compressed class space mapped at: 0x0000000100000000-0x0000000140000000, reserved size: 1073741824
Narrow klass base: 0x0000000000000000, Narrow klass shift: 3, Narrow klass range: 0x140000000

GC Precious Log:
 CPUs: 8 total, 8 available
 Memory: 8029M
 Large Page Support: Disabled
 NUMA Support: Disabled
 Compressed Oops: Enabled (32-bit)
 Alignments: Space 512K, Generation 512K, Heap 2M
 Heap Min Capacity: 100M
 Heap Initial Capacity: 100M
 Heap Max Capacity: 1G
 Pre-touch: Disabled
 Parallel Workers: 8

Heap:
 PSYoungGen      total 29696K, used 512K [0x00000000eab00000, 0x00000000ecc00000, 0x0000000100000000)
  eden space 25600K, 2% used [0x00000000eab00000,0x00000000eab80070,0x00000000ec400000)
  from space 4096K, 0% used [0x00000000ec800000,0x00000000ec800000,0x00000000ecc00000)
  to   space 4096K, 0% used [0x00000000ec400000,0x00000000ec400000,0x00000000ec800000)
 ParOldGen       total 68608K, used 0K [0x00000000c0000000, 0x00000000c4300000, 0x00000000eab00000)
  object space 68608K, 0% used [0x00000000c0000000,0x00000000c0000000,0x00000000c4300000)
 Metaspace       used 1149K, committed 1216K, reserved 1114112K
  class space    used 101K, committed 128K, reserved 1048576K

Card table byte_map: [0x0000018e67250000,0x0000018e67460000] _byte_map_base: 0x0000018e66c50000

Marking Bits: (ParMarkBitMap*) 0x00007ffeee21d820
 Begin Bits: [0x0000018e79550000, 0x0000018e7a550000)
 End Bits:   [0x0000018e7a550000, 0x0000018e7b550000)

Polling page: 0x0000018e65890000

Metaspace:

Usage:
  Non-class:      1.02 MB used.
      Class:    101.05 KB used.
       Both:      1.12 MB used.

Virtual space:
  Non-class space:       64.00 MB reserved,       1.06 MB (  2%) committed,  1 nodes.
      Class space:        1.00 GB reserved,     128.00 KB ( <1%) committed,  1 nodes.
             Both:        1.06 GB reserved,       1.19 MB ( <1%) committed. 

Chunk freelists:
   Non-Class:  12.00 MB
       Class:  15.75 MB
        Both:  27.75 MB

MaxMetaspaceSize: unlimited
CompressedClassSpaceSize: 1.00 GB
Initial GC threshold: 21.00 MB
Current GC threshold: 17179869184.00 GB
CDS: off
MetaspaceReclaimPolicy: balanced
 - commit_granule_bytes: 65536.
 - commit_granule_words: 8192.
 - virtual_space_node_default_size: 8388608.
 - enlarge_chunks_in_place: 1.
 - new_chunks_are_fully_committed: 0.
 - uncommit_free_chunks: 1.
 - use_allocation_guard: 0.
 - handle_deallocations: 1.


Internal statistics:

num_allocs_failed_limit: 0.
num_arena_births: 2.
num_arena_deaths: 0.
num_vsnodes_births: 2.
num_vsnodes_deaths: 0.
num_space_committed: 19.
num_space_uncommitted: 0.
num_chunks_returned_to_freelist: 0.
num_chunks_taken_from_freelist: 3.
num_chunk_merges: 0.
num_chunk_splits: 2.
num_chunks_enlarged: 0.
num_inconsistent_stats: 0.

CodeHeap 'non-profiled nmethods': size=120000Kb used=0Kb max_used=0Kb free=120000Kb
 bounds [0x0000018e72020000, 0x0000018e72290000, 0x0000018e79550000]
CodeHeap 'profiled nmethods': size=120000Kb used=0Kb max_used=0Kb free=120000Kb
 bounds [0x0000018e6a550000, 0x0000018e6a7c0000, 0x0000018e71a80000]
CodeHeap 'non-nmethods': size=5760Kb used=202Kb max_used=353Kb free=5557Kb
 bounds [0x0000018e71a80000, 0x0000018e71cf0000, 0x0000018e72020000]
 total_blobs=66 nmethods=0 adapters=47
 compilation: enabled
              stopped_count=0, restarted_count=0
 full_count=0

Compilation events (0 events):
No events

GC Heap History (0 events):
No events

Dll operation events (1 events):
Event: 0.013 Loaded shared library c:\Users\UDHAYAKUMAR\.vscode\extensions\redhat.java-1.32.0-win32-x64\jre\17.0.11-win32-x86_64\bin\java.dll

Deoptimization events (0 events):
No events

Classes unloaded (0 events):
No events

Classes redefined (0 events):
No events

Internal exceptions (0 events):
No events

VM Operations (0 events):
No events

Events (20 events):
Event: 0.065 loading class java/lang/Long
Event: 0.065 loading class java/lang/Long done
Event: 0.065 loading class java/util/Iterator
Event: 0.065 loading class java/util/Iterator done
Event: 0.065 loading class java/lang/reflect/RecordComponent
Event: 0.065 loading class java/lang/reflect/RecordComponent done
Event: 0.065 loading class jdk/internal/vm/vector/VectorSupport
Event: 0.066 loading class jdk/internal/vm/vector/VectorSupport done
Event: 0.066 loading class jdk/internal/vm/vector/VectorSupport$VectorPayload
Event: 0.066 loading class jdk/internal/vm/vector/VectorSupport$VectorPayload done
Event: 0.066 loading class jdk/internal/vm/vector/VectorSupport$Vector
Event: 0.066 loading class jdk/internal/vm/vector/VectorSupport$Vector done
Event: 0.066 loading class jdk/internal/vm/vector/VectorSupport$VectorMask
Event: 0.066 loading class jdk/internal/vm/vector/VectorSupport$VectorMask done
Event: 0.066 loading class jdk/internal/vm/vector/VectorSupport$VectorShuffle
Event: 0.066 loading class jdk/internal/vm/vector/VectorSupport$VectorShuffle done
Event: 0.070 loading class java/lang/NullPointerException
Event: 0.070 loading class java/lang/NullPointerException done
Event: 0.070 loading class java/lang/ArithmeticException
Event: 0.070 loading class java/lang/ArithmeticException done


Dynamic libraries:
0x00007ff7f9350000 - 0x00007ff7f935e000 	c:\Users\UDHAYAKUMAR\.vscode\extensions\redhat.java-1.32.0-win32-x64\jre\17.0.11-win32-x86_64\bin\java.exe
0x00007fff43a70000 - 0x00007fff43c86000 	C:\Windows\SYSTEM32\ntdll.dll
0x00007fff42340000 - 0x00007fff42404000 	C:\Windows\System32\KERNEL32.DLL
0x00007fff40db0000 - 0x00007fff41156000 	C:\Windows\System32\KERNELBASE.dll
0x00007fff412d0000 - 0x00007fff413e1000 	C:\Windows\System32\ucrtbase.dll
0x00007fff14880000 - 0x00007fff14897000 	c:\Users\UDHAYAKUMAR\.vscode\extensions\redhat.java-1.32.0-win32-x64\jre\17.0.11-win32-x86_64\bin\jli.dll
0x00007fff43880000 - 0x00007fff43a2d000 	C:\Windows\System32\USER32.dll
0x00007fff41640000 - 0x00007fff41666000 	C:\Windows\System32\win32u.dll
0x00007fff41e20000 - 0x00007fff41e49000 	C:\Windows\System32\GDI32.dll
0x00007fff413f0000 - 0x00007fff41508000 	C:\Windows\System32\gdi32full.dll
0x00007fff41670000 - 0x00007fff4170a000 	C:\Windows\System32\msvcp_win.dll
0x00007fff13dd0000 - 0x00007fff13deb000 	c:\Users\UDHAYAKUMAR\.vscode\extensions\redhat.java-1.32.0-win32-x64\jre\17.0.11-win32-x86_64\bin\VCRUNTIME140.dll
0x00007fff2bc40000 - 0x00007fff2bed3000 	C:\Windows\WinSxS\amd64_microsoft.windows.common-controls_6595b64144ccf1df_6.0.22621.3235_none_270f74e173860f98\COMCTL32.dll
0x00007fff41c10000 - 0x00007fff41cb7000 	C:\Windows\System32\msvcrt.dll
0x00007fff425a0000 - 0x00007fff425d1000 	C:\Windows\System32\IMM32.DLL
0x00007fff3c080000 - 0x00007fff3c08c000 	c:\Users\UDHAYAKUMAR\.vscode\extensions\redhat.java-1.32.0-win32-x64\jre\17.0.11-win32-x86_64\bin\vcruntime140_1.dll
0x00007fff04080000 - 0x00007fff0410d000 	c:\Users\UDHAYAKUMAR\.vscode\extensions\redhat.java-1.32.0-win32-x64\jre\17.0.11-win32-x86_64\bin\msvcp140.dll
0x00007ffeed680000 - 0x00007ffeee2e2000 	c:\Users\UDHAYAKUMAR\.vscode\extensions\redhat.java-1.32.0-win32-x64\jre\17.0.11-win32-x86_64\bin\server\jvm.dll
0x00007fff41ce0000 - 0x00007fff41d92000 	C:\Windows\System32\ADVAPI32.dll
0x00007fff41b60000 - 0x00007fff41c08000 	C:\Windows\System32\sechost.dll
0x00007fff41790000 - 0x00007fff417b8000 	C:\Windows\System32\bcrypt.dll
0x00007fff42a70000 - 0x00007fff42b85000 	C:\Windows\System32\RPCRT4.dll
0x00007fff26670000 - 0x00007fff26679000 	C:\Windows\SYSTEM32\WSOCK32.dll
0x00007fff3fc00000 - 0x00007fff3fc4d000 	C:\Windows\SYSTEM32\POWRPROF.dll
0x00007fff43800000 - 0x00007fff43871000 	C:\Windows\System32\WS2_32.dll
0x00007fff394e0000 - 0x00007fff39514000 	C:\Windows\SYSTEM32\WINMM.dll
0x00007fff39ce0000 - 0x00007fff39cea000 	C:\Windows\SYSTEM32\VERSION.dll
0x00007fff3fbe0000 - 0x00007fff3fbf3000 	C:\Windows\SYSTEM32\UMPDC.dll
0x00007fff3fea0000 - 0x00007fff3feb8000 	C:\Windows\SYSTEM32\kernel.appcore.dll
0x00007fff3ab40000 - 0x00007fff3ab4a000 	c:\Users\UDHAYAKUMAR\.vscode\extensions\redhat.java-1.32.0-win32-x64\jre\17.0.11-win32-x86_64\bin\jimage.dll
0x00007fff3e600000 - 0x00007fff3e833000 	C:\Windows\SYSTEM32\DBGHELP.DLL
0x00007fff417d0000 - 0x00007fff41b58000 	C:\Windows\System32\combase.dll
0x00007fff420c0000 - 0x00007fff42197000 	C:\Windows\System32\OLEAUT32.dll
0x00007fff36a80000 - 0x00007fff36ab2000 	C:\Windows\SYSTEM32\dbgcore.DLL
0x00007fff41710000 - 0x00007fff4178a000 	C:\Windows\System32\bcryptPrimitives.dll
0x00007fff38f70000 - 0x00007fff38f7e000 	c:\Users\UDHAYAKUMAR\.vscode\extensions\redhat.java-1.32.0-win32-x64\jre\17.0.11-win32-x86_64\bin\instrument.dll
0x00007fff10040000 - 0x00007fff10065000 	c:\Users\UDHAYAKUMAR\.vscode\extensions\redhat.java-1.32.0-win32-x64\jre\17.0.11-win32-x86_64\bin\java.dll
0x00007fff13230000 - 0x00007fff13248000 	c:\Users\UDHAYAKUMAR\.vscode\extensions\redhat.java-1.32.0-win32-x64\jre\17.0.11-win32-x86_64\bin\zip.dll

dbghelp: loaded successfully - version: 4.0.5 - missing functions: none
symbol engine: initialized successfully - sym options: 0x614 - pdb path: .;c:\Users\UDHAYAKUMAR\.vscode\extensions\redhat.java-1.32.0-win32-x64\jre\17.0.11-win32-x86_64\bin;C:\Windows\SYSTEM32;C:\Windows\WinSxS\amd64_microsoft.windows.common-controls_6595b64144ccf1df_6.0.22621.3235_none_270f74e173860f98;c:\Users\UDHAYAKUMAR\.vscode\extensions\redhat.java-1.32.0-win32-x64\jre\17.0.11-win32-x86_64\bin\server

VM Arguments:
jvm_args: --add-modules=ALL-SYSTEM --add-opens=java.base/java.util=ALL-UNNAMED --add-opens=java.base/java.lang=ALL-UNNAMED --add-opens=java.base/sun.nio.fs=ALL-UNNAMED -Declipse.application=org.eclipse.jdt.ls.core.id1 -Dosgi.bundles.defaultStartLevel=4 -Declipse.product=org.eclipse.jdt.ls.core.product -Djava.import.generatesMetadataFilesAtProjectRoot=false -DDetectVMInstallationsJob.disabled=true -Dfile.encoding=utf8 -XX:+UseParallelGC -XX:GCTimeRatio=4 -XX:AdaptiveSizePolicyWeight=90 -Dsun.zip.disableMemoryMapping=true -Xmx1G -Xms100m -Xlog:disable -javaagent:c:\Users\UDHAYAKUMAR\.vscode\extensions\redhat.java-1.32.0-win32-x64\lombok\lombok-1.18.33.jar -XX:+HeapDumpOnOutOfMemoryError -XX:HeapDumpPath=c:\Users\UDHAYAKUMAR\AppData\Roaming\Code\User\workspaceStorage\98c24b00787296179d69d98e3313c133\redhat.java -Daether.dependencyCollector.impl=bf 
java_command: c:\Users\UDHAYAKUMAR\.vscode\extensions\redhat.java-1.32.0-win32-x64\server\plugins\org.eclipse.equinox.launcher_1.6.900.v20240613-2009.jar -configuration c:\Users\UDHAYAKUMAR\AppData\Roaming\Code\User\globalStorage\redhat.java\1.32.0\config_win -data c:\Users\UDHAYAKUMAR\AppData\Roaming\Code\User\workspaceStorage\98c24b00787296179d69d98e3313c133\redhat.java\jdt_ws --pipe=\\.\pipe\lsp-4e560991c7e0a2aa08cd65bade1f7c25-sock
java_class_path (initial): c:\Users\UDHAYAKUMAR\.vscode\extensions\redhat.java-1.32.0-win32-x64\server\plugins\org.eclipse.equinox.launcher_1.6.900.v20240613-2009.jar
Launcher Type: SUN_STANDARD

[Global flags]
    uintx AdaptiveSizePolicyWeight                 = 90                                        {product} {command line}
     intx CICompilerCount                          = 4                                         {product} {ergonomic}
    uintx GCTimeRatio                              = 4                                         {product} {command line}
     bool HeapDumpOnOutOfMemoryError               = true                                   {manageable} {command line}
    ccstr HeapDumpPath                             = c:\Users\UDHAYAKUMAR\AppData\Roaming\Code\User\workspaceStorage\98c24b00787296179d69d98e3313c133\redhat.java         {manageable} {command line}
   size_t InitialHeapSize                          = 104857600                                 {product} {command line}
   size_t MaxHeapSize                              = 1073741824                                {product} {command line}
   size_t MaxNewSize                               = 357564416                                 {product} {ergonomic}
   size_t MinHeapDeltaBytes                        = 524288                                    {product} {ergonomic}
   size_t MinHeapSize                              = 104857600                                 {product} {command line}
   size_t NewSize                                  = 34603008                                  {product} {ergonomic}
    uintx NonNMethodCodeHeapSize                   = 5839372                                {pd product} {ergonomic}
    uintx NonProfiledCodeHeapSize                  = 122909434                              {pd product} {ergonomic}
   size_t OldSize                                  = 70254592                                  {product} {ergonomic}
    uintx ProfiledCodeHeapSize                     = 122909434                              {pd product} {ergonomic}
    uintx ReservedCodeCacheSize                    = 251658240                              {pd product} {ergonomic}
     bool SegmentedCodeCache                       = true                                      {product} {ergonomic}
   size_t SoftMaxHeapSize                          = 1073741824                             {manageable} {ergonomic}
     bool UseCompressedClassPointers               = true                           {product lp64_product} {ergonomic}
     bool UseCompressedOops                        = true                           {product lp64_product} {ergonomic}
     bool UseLargePagesIndividualAllocation        = false                                  {pd product} {ergonomic}
     bool UseParallelGC                            = true                                      {product} {command line}

Logging:
Log output configuration:
 #0: stdout all=off uptime,level,tags
 #1: stderr all=off uptime,level,tags

Environment Variables:
PATH=C:\Python312\Scripts\;C:\Python312\;C:\Program Files\Common Files\Oracle\Java\javapath;C:\Windows\system32;C:\Windows;C:\Windows\System32\Wbem;C:\Windows\System32\WindowsPowerShell\v1.0\;C:\Windows\System32\OpenSSH\;C:\Program Files\dotnet\;C:\Program Files\Java\jdk-20\bin;C:\Program Files\Git\cmd;C:\Program Files\nodejs\;C:\ProgramData\chocolatey\bin;C:\Users\UDHAYAKUMAR\AppData\Local\Microsoft\WindowsApps;C:\Program Files\JetBrains\IntelliJ IDEA 2023.2.2\bin;;C:\Users\UDHAYAKUMAR\AppData\Local\Programs\Microsoft VS Code\bin;C:\Users\UDHAYAKUMAR\AppData\Local\GitHubDesktop\bin;C:\Users\UDHAYAKUMAR\AppData\Roaming\npm;C:\Program Files\heroku\bin
USERNAME=UDHAYAKUMAR
OS=Windows_NT
PROCESSOR_IDENTIFIER=Intel64 Family 6 Model 165 Stepping 2, GenuineIntel
TMP=C:\Users\UDHAYA~1\AppData\Local\Temp
TEMP=C:\Users\UDHAYA~1\AppData\Local\Temp



Periodic native trim disabled


---------------  S Y S T E M  ---------------

OS:
 Windows 11 , 64 bit Build 22621 (10.0.22621.3235)
OS uptime: 6 days 18:40 hours
Hyper-V role detected

CPU: total 8 (initial active 8) (4 cores per cpu, 2 threads per core) family 6 model 165 stepping 2 microcode 0xe0, cx8, cmov, fxsr, ht, mmx, 3dnowpref, sse, sse2, sse3, ssse3, sse4.1, sse4.2, popcnt, lzcnt, tsc, tscinvbit, avx, avx2, aes, erms, clmul, bmi1, bmi2, adx, fma, vzeroupper, clflush, clflushopt, hv
Processor Information for all 8 processors :
  Max Mhz: 2496, Current Mhz: 2496, Mhz Limit: 2496

Memory: 4k page, system-wide physical 8029M (350M free)
TotalPageFile size 32605M (AvailPageFile size 8M)
current process WorkingSet (physical memory assigned to process): 16M, peak: 16M
current process commit charge ("private bytes"): 148M, peak: 149M

vm_info: OpenJDK 64-Bit Server VM (17.0.11+9) for windows-amd64 JRE (17.0.11+9), built on Apr 17 2024 06:07:48 by "admin" with MS VC++ 16.10 / 16.11 (VS2019)

END.
